TN:
SF:src\modules\stocks\useCases\FindStockByName\FindStockByNameUseCase.ts
FN:8,FindStockByNameUseCase
FN:13,execute
FNF:2
FNH:2
FNDA:1,FindStockByNameUseCase
FNDA:1,execute
DA:1,1
DA:2,1
DA:3,1
DA:4,1
DA:5,1
DA:6,1
DA:7,1
DA:8,1
DA:9,1
DA:10,1
DA:11,1
DA:12,1
DA:13,1
DA:14,1
DA:15,1
DA:16,1
DA:17,1
DA:18,1
DA:19,1
DA:20,1
DA:21,1
DA:22,1
DA:23,1
DA:24,1
LF:24
LH:24
BRDA:6,0,0,0
BRDA:8,1,0,1
BRDA:13,2,0,1
BRF:3
BRH:2
end_of_record
TN:
SF:src\shared\container\StocksProvider\IStocksProvider.ts
FNF:0
FNH:0
DA:1,1
DA:2,1
DA:3,1
DA:4,1
DA:5,1
DA:6,1
DA:7,1
DA:8,1
DA:9,1
DA:10,1
DA:11,1
DA:12,1
DA:13,1
DA:14,1
DA:15,1
LF:15
LH:15
BRF:0
BRH:0
end_of_record
TN:
SF:src\shared\container\StocksProvider\implementations\StocksProvider.ts
FN:7,fetchQuote
FN:13,fetchHistoric
FNF:2
FNH:1
FNDA:1,fetchQuote
FNDA:0,fetchHistoric
DA:1,1
DA:2,1
DA:3,1
DA:4,1
DA:5,1
DA:6,1
DA:7,1
DA:8,1
DA:9,1
DA:10,1
DA:11,1
DA:12,1
DA:13,1
DA:14,0
DA:15,0
DA:16,0
DA:17,0
DA:18,1
DA:19,1
DA:20,1
LF:20
LH:16
BRDA:7,0,0,1
BRF:1
BRH:1
end_of_record
