TN:
SF:src\modules\stocks\useCases\CompareStocks\CompareStocksController.ts
FN:6,handle
FNF:1
FNH:1
FNDA:1,handle
DA:1,1
DA:2,1
DA:3,1
DA:4,1
DA:5,1
DA:6,1
DA:7,1
DA:8,1
DA:9,1
DA:10,1
DA:11,1
DA:12,1
DA:13,0
DA:14,0
DA:15,0
DA:16,1
LF:16
LH:13
BRDA:6,0,0,1
BRDA:12,1,0,0
BRF:2
BRH:1
end_of_record
TN:
SF:src\modules\stocks\useCases\CompareStocks\CompareStocksUseCase.ts
FN:18,CompareStocksUseCase
FN:23,execute
FNF:2
FNH:2
FNDA:4,CompareStocksUseCase
FNDA:4,execute
DA:1,1
DA:2,1
DA:3,1
DA:4,1
DA:5,1
DA:6,1
DA:7,1
DA:8,1
DA:9,1
DA:10,1
DA:11,1
DA:12,1
DA:13,1
DA:14,1
DA:15,1
DA:16,1
DA:17,1
DA:18,1
DA:19,4
DA:20,4
DA:21,4
DA:22,1
DA:23,1
DA:24,4
DA:25,4
DA:26,4
DA:27,4
DA:28,4
DA:29,4
DA:30,4
DA:31,1
DA:32,1
DA:33,3
DA:34,3
DA:35,3
DA:36,3
DA:37,3
DA:38,3
DA:39,3
DA:40,3
DA:41,3
DA:42,4
DA:43,1
DA:44,1
DA:45,2
DA:46,4
DA:47,3
DA:48,3
DA:49,2
DA:50,2
DA:51,2
DA:52,2
DA:53,2
DA:54,2
DA:55,2
DA:56,2
DA:57,2
DA:58,2
DA:59,1
DA:60,1
DA:61,1
DA:62,1
LF:62
LH:62
BRDA:16,0,0,0
BRDA:18,1,0,4
BRDA:23,2,0,4
BRDA:30,3,0,1
BRDA:33,4,0,3
BRDA:42,5,0,2
BRDA:42,6,0,1
BRDA:46,7,0,3
BRDA:48,8,0,2
BRDA:59,9,0,1
BRF:10
BRH:9
end_of_record
TN:
SF:src\modules\stocks\useCases\FindStockByName\FindStockByNameController.ts
FN:6,handle
FNF:1
FNH:1
FNDA:1,handle
DA:1,1
DA:2,1
DA:3,1
DA:4,1
DA:5,1
DA:6,1
DA:7,1
DA:8,1
DA:9,1
DA:10,1
DA:11,1
DA:12,1
DA:13,1
DA:14,1
DA:15,1
LF:15
LH:15
BRDA:6,0,0,1
BRF:1
BRH:1
end_of_record
TN:
SF:src\modules\stocks\useCases\FindStockByName\FindStockByNameUseCase.ts
FN:8,FindStockByNameUseCase
FN:13,execute
FNF:2
FNH:2
FNDA:3,FindStockByNameUseCase
FNDA:3,execute
DA:1,1
DA:2,1
DA:3,1
DA:4,1
DA:5,1
DA:6,1
DA:7,1
DA:8,1
DA:9,3
DA:10,3
DA:11,3
DA:12,1
DA:13,1
DA:14,3
DA:15,3
DA:16,3
DA:17,1
DA:18,1
DA:19,2
DA:20,2
DA:21,2
DA:22,2
DA:23,2
DA:24,2
DA:25,2
DA:26,2
DA:27,2
DA:28,1
LF:28
LH:28
BRDA:6,0,0,0
BRDA:8,1,0,3
BRDA:13,2,0,3
BRDA:16,3,0,2
BRDA:16,4,0,1
BRF:5
BRH:4
end_of_record
TN:
SF:src\modules\stocks\useCases\GainsProjection\GainsProjectionController.ts
FN:6,handle
FNF:1
FNH:1
FNDA:1,handle
DA:1,1
DA:2,1
DA:3,1
DA:4,1
DA:5,1
DA:6,1
DA:7,1
DA:8,1
DA:9,1
DA:10,1
DA:11,1
DA:12,1
DA:13,1
DA:14,1
DA:15,1
DA:16,1
LF:16
LH:16
BRDA:6,0,0,1
BRF:1
BRH:1
end_of_record
TN:
SF:src\modules\stocks\useCases\GainsProjection\GainsProjectionUseCase.ts
FN:22,GainsProjectionUseCase
FN:27,execute
FNF:2
FNH:2
FNDA:4,GainsProjectionUseCase
FNDA:4,execute
DA:1,1
DA:2,1
DA:3,1
DA:4,1
DA:5,1
DA:6,1
DA:7,1
DA:8,1
DA:9,1
DA:10,1
DA:11,1
DA:12,1
DA:13,1
DA:14,1
DA:15,1
DA:16,1
DA:17,1
DA:18,1
DA:19,1
DA:20,1
DA:21,1
DA:22,1
DA:23,4
DA:24,4
DA:25,4
DA:26,1
DA:27,1
DA:28,4
DA:29,4
DA:30,4
DA:31,1
DA:32,1
DA:33,3
DA:34,3
DA:35,3
DA:36,3
DA:37,3
DA:38,4
DA:39,4
DA:40,4
DA:41,4
DA:42,4
DA:43,4
DA:44,4
DA:45,4
DA:46,4
DA:47,4
DA:48,4
DA:49,4
DA:50,4
DA:51,4
DA:52,1
DA:53,1
DA:54,4
DA:55,1
LF:55
LH:55
BRDA:20,0,0,0
BRDA:22,1,0,4
BRDA:27,2,0,4
BRDA:30,3,0,1
BRDA:32,4,0,3
BRDA:51,5,0,1
BRDA:39,6,0,5691
BRF:7
BRH:6
end_of_record
TN:
SF:src\modules\stocks\useCases\GetStockHistoric\GetStockHistoricController.ts
FN:6,handle
FNF:1
FNH:1
FNDA:1,handle
DA:1,1
DA:2,1
DA:3,1
DA:4,1
DA:5,1
DA:6,1
DA:7,1
DA:8,1
DA:9,1
DA:10,1
DA:11,1
DA:12,1
DA:13,1
DA:14,1
DA:15,1
DA:16,1
LF:16
LH:16
BRDA:6,0,0,1
BRF:1
BRH:1
end_of_record
TN:
SF:src\modules\stocks\useCases\GetStockHistoric\GetStockHistoricUseCase.ts
FN:21,GetStockHistoricUseCase
FN:26,execute
FNF:2
FNH:2
FNDA:3,GetStockHistoricUseCase
FNDA:3,execute
DA:1,1
DA:2,1
DA:3,1
DA:4,1
DA:5,1
DA:6,1
DA:7,1
DA:8,1
DA:9,1
DA:10,1
DA:11,1
DA:12,1
DA:13,1
DA:14,1
DA:15,1
DA:16,1
DA:17,1
DA:18,1
DA:19,1
DA:20,1
DA:21,1
DA:22,3
DA:23,3
DA:24,3
DA:25,1
DA:26,1
DA:27,3
DA:28,3
DA:29,3
DA:30,3
DA:31,3
DA:32,3
DA:33,3
DA:34,3
DA:35,3
DA:36,3
DA:37,3
DA:38,3
DA:39,3
DA:40,4
DA:41,4
DA:42,4
DA:43,4
DA:44,4
DA:45,4
DA:46,4
DA:47,4
DA:48,4
DA:49,4
DA:50,2
DA:51,2
DA:52,2
DA:53,1
DA:54,1
DA:55,3
DA:56,3
DA:57,1
LF:57
LH:57
BRDA:19,0,0,0
BRDA:21,1,0,3
BRDA:26,2,0,3
BRDA:39,3,0,4
BRDA:50,4,0,2
BRDA:52,5,0,1
BRDA:37,6,0,5688
BRDA:37,7,0,866
BRF:8
BRH:7
end_of_record
TN:
SF:src\shared\container\index.ts
FNF:0
FNH:0
DA:1,1
DA:2,1
DA:3,1
DA:4,1
DA:5,1
LF:5
LH:5
BRF:0
BRH:0
end_of_record
TN:
SF:src\shared\container\StocksProvider\IStocksProvider.ts
FNF:0
FNH:0
DA:1,1
DA:2,1
DA:3,1
DA:4,1
DA:5,1
DA:6,1
LF:6
LH:6
BRF:0
BRH:0
end_of_record
TN:
SF:src\shared\container\StocksProvider\implementations\StocksProvider.ts
FN:9,fetchQuote
FN:15,fetchHistoric
FN:21,fetchQuoteForLoop
FNF:3
FNH:2
FNDA:4,fetchQuote
FNDA:2,fetchHistoric
FNDA:0,fetchQuoteForLoop
DA:1,1
DA:2,1
DA:3,1
DA:4,1
DA:5,1
DA:6,1
DA:7,1
DA:8,1
DA:9,1
DA:10,4
DA:11,3
DA:12,3
DA:13,3
DA:14,1
DA:15,1
DA:16,2
DA:17,2
DA:18,2
DA:19,2
DA:20,1
DA:21,1
DA:22,0
DA:23,0
DA:24,0
DA:25,0
DA:26,1
DA:27,1
DA:28,1
LF:28
LH:24
BRDA:9,0,0,4
BRDA:10,1,0,3
BRDA:15,2,0,2
BRF:3
BRH:3
end_of_record
TN:
SF:src\shared\container\StocksProvider\implementations\TestStockProvider.ts
FN:6,fetchQuote
FN:32,fetchHistoric
FN:76,fetchQuoteForLoop
FNF:3
FNH:2
FNDA:10,fetchQuote
FNDA:4,fetchHistoric
FNDA:0,fetchQuoteForLoop
DA:1,1
DA:2,1
DA:3,1
DA:4,1
DA:5,1
DA:6,1
DA:7,10
DA:8,10
DA:9,10
DA:10,10
DA:11,10
DA:12,10
DA:13,10
DA:14,10
DA:15,10
DA:16,10
DA:17,10
DA:18,10
DA:19,10
DA:20,10
DA:21,10
DA:22,10
DA:23,10
DA:24,10
DA:25,10
DA:26,10
DA:27,7
DA:28,7
DA:29,7
DA:30,7
DA:31,10
DA:32,1
DA:33,4
DA:34,4
DA:35,4
DA:36,4
DA:37,4
DA:38,4
DA:39,4
DA:40,4
DA:41,4
DA:42,4
DA:43,4
DA:44,4
DA:45,4
DA:46,4
DA:47,4
DA:48,4
DA:49,4
DA:50,4
DA:51,4
DA:52,4
DA:53,4
DA:54,4
DA:55,4
DA:56,4
DA:57,4
DA:58,4
DA:59,4
DA:60,4
DA:61,4
DA:62,4
DA:63,4
DA:64,4
DA:65,4
DA:66,4
DA:67,4
DA:68,4
DA:69,4
DA:70,4
DA:71,1
DA:72,3
DA:73,3
DA:74,3
DA:75,4
DA:76,1
DA:77,0
DA:78,0
DA:79,0
DA:80,0
DA:81,0
DA:82,0
DA:83,0
DA:84,0
DA:85,0
DA:86,0
DA:87,0
DA:88,0
DA:89,0
DA:90,0
DA:91,0
DA:92,0
DA:93,0
DA:94,0
DA:95,0
DA:96,0
DA:97,0
DA:98,0
DA:99,0
DA:100,0
DA:101,0
DA:102,1
LF:102
LH:77
BRDA:6,0,0,10
BRDA:26,1,0,9
BRDA:26,2,0,3
BRDA:26,3,0,7
BRDA:32,4,0,4
BRDA:70,5,0,3
BRDA:70,6,0,1
BRF:7
BRH:7
end_of_record
TN:
SF:src\shared\errors\AppError.ts
FN:6,AppError
FNF:1
FNH:1
FNDA:12,AppError
DA:1,1
DA:2,1
DA:3,1
DA:4,1
DA:5,1
DA:6,1
DA:7,12
DA:8,12
DA:9,12
DA:10,1
LF:10
LH:10
BRDA:6,0,0,12
BRF:1
BRH:1
end_of_record
TN:
SF:src\shared\http\app.ts
FNF:0
FNH:0
DA:1,1
DA:2,1
DA:3,1
DA:4,1
DA:5,1
DA:6,1
DA:7,1
DA:8,1
DA:9,1
DA:10,1
DA:11,1
DA:12,1
DA:13,1
DA:14,1
DA:15,1
DA:16,1
DA:17,1
DA:18,1
DA:19,1
DA:20,1
DA:21,1
DA:22,1
DA:23,1
DA:24,0
DA:25,0
DA:26,1
DA:27,1
DA:28,1
DA:29,1
DA:30,1
DA:31,1
DA:32,1
DA:33,1
DA:34,1
LF:34
LH:32
BRDA:22,0,0,1
BRDA:23,1,0,0
BRF:2
BRH:1
end_of_record
TN:
SF:src\shared\http\routes\index.ts
FNF:0
FNH:0
DA:1,1
DA:2,1
DA:3,1
DA:4,1
DA:5,1
DA:6,1
DA:7,1
DA:8,1
LF:8
LH:8
BRF:0
BRH:0
end_of_record
TN:
SF:src\shared\http\routes\stocks.routes.ts
FNF:0
FNH:0
DA:1,1
DA:2,1
DA:3,1
DA:4,1
DA:5,1
DA:6,1
DA:7,1
DA:8,1
DA:9,1
DA:10,1
DA:11,1
DA:12,1
DA:13,1
DA:14,1
DA:15,1
DA:16,1
DA:17,1
DA:18,1
DA:19,1
LF:19
LH:19
BRF:0
BRH:0
end_of_record
